<?xml version="1.0" encoding="UTF-8"?>
<testsuite xmlns:xsi="http://www.w3.org/2001/XMLSchema-instance" xsi:noNamespaceSchemaLocation="https://maven.apache.org/surefire/maven-surefire-plugin/xsd/surefire-test-report.xsd" version="3.0.2" name="com.javatechie.DevopsIntegrationApplicationTests" time="13.071" tests="1" errors="0" skipped="0" failures="0">
  <properties>
[...]
</properties>
  <testcase name="contextLoads" classname="com.javatechie.DevopsIntegrationApplicationTests" time="2.616">
    <system-out><![CDATA[17:03:45.758 [main] INFO org.springframework.test.context.support.AnnotationConfigContextLoaderUtils -- Could not detect default configuration classes for test class [com.javatechie.DevopsIntegrationApplicationTests]: DevopsIntegrationApplicationTests does not declare any static, non-private, non-final, nested classes annotated with @Configuration.
17:03:46.138 [main] INFO org.springframework.boot.test.context.SpringBootTestContextBootstrapper -- Found @SpringBootConfiguration com.javatechie.DevopsIntegrationApplication for test class com.javatechie.DevopsIntegrationApplicationTests

  .   ____          _            __ _ _
 /\\ / ___'_ __ _ _(_)_ __  __ _ \ \ \ \
( ( )\___ | '_ | '_| | '_ \/ _` | \ \ \ \
 \\/  ___)| |_)| | | | | || (_| |  ) ) ) )
  '  |____| .__|_| |_|_| |_\__, | / / / /
 =========|_|==============|___/=/_/_/_/

 :: Spring Boot ::                (v3.5.5)

2025-09-14T17:03:47.994+05:30  INFO 19016 --- [           main] c.j.DevopsIntegrationApplicationTests    : Starting DevopsIntegrationApplicationTests using Java 21.0.6 with PID 19016 (started by LOGESHWARAN R in C:\Users\LOGESHWARAN R\Desktop\DevopsProject1)
2025-09-14T17:03:47.994+05:30  INFO 19016 --- [           main] c.j.DevopsIntegrationApplicationTests    : No active profile set, falling back to 1 default profile: "default"
2025-09-14T17:03:54.883+05:30  INFO 19016 --- [           main] c.j.DevopsIntegrationApplicationTests    : Started DevopsIntegrationApplicationTests in 8.182 seconds (process running for 12.22)
]]></system-out>
    <system-err><![CDATA[Mockito is currently self-attaching to enable the inline-mock-maker. This will no longer work in future releases of the JDK. Please add Mockito as an agent to your build as described in Mockito's documentation: https://javadoc.io/doc/org.mockito/mockito-core/latest/org.mockito/org/mockito/Mockito.html#0.3
WARNING: A Java agent has been loaded dynamically (C:\Users\LOGESHWARAN R\.m2\repository\net\bytebuddy\byte-buddy-agent\1.17.7\byte-buddy-agent-1.17.7.jar)
WARNING: If a serviceability tool is in use, please run with -XX:+EnableDynamicAgentLoading to hide this warning
WARNING: If a serviceability tool is not in use, please run with -Djdk.instrument.traceUsage for more information
WARNING: Dynamic loading of agents will be disallowed by default in a future release
]]></system-err>
  </testcase>
</testsuite>